0 info it worked if it ends with ok
1 verbose cli [ '/usr/local/bin/node', '/usr/local/bin/npm', 'start' ]
2 info using npm@3.10.10
3 info using node@v6.11.2
4 verbose run-script [ 'prestart', 'start', 'poststart' ]
5 info lifecycle dalviroo@0.0.0~prestart: dalviroo@0.0.0
6 silly lifecycle dalviroo@0.0.0~prestart: no script for prestart, continuing
7 info lifecycle dalviroo@0.0.0~start: dalviroo@0.0.0
8 verbose lifecycle dalviroo@0.0.0~start: unsafe-perm in lifecycle true
9 verbose lifecycle dalviroo@0.0.0~start: PATH: /usr/local/lib/node_modules/npm/bin/node-gyp-bin:/Users/rdx/WebstormProjects/Dalviroo/node_modules/.bin:/Library/Frameworks/Python.framework/Versions/3.6/bin:/Library/Frameworks/Python.framework/Versions/3.4/bin:/Users/rdx/.composer/vendor/bin:/usr/local/php5/bin:/usr/local/bin:/usr/bin:/bin:/usr/sbin:/sbin:/Applications/VMware Fusion.app/Contents/Public:/Library/Frameworks/Mono.framework/Versions/Current/Commands:/Users/rdx/.nexustools:/Users/rdx/.nexustools
10 verbose lifecycle dalviroo@0.0.0~start: CWD: /Users/rdx/WebstormProjects/Dalviroo
11 silly lifecycle dalviroo@0.0.0~start: Args: [ '-c', 'node ./bin/www' ]
12 silly lifecycle dalviroo@0.0.0~start: Returned: code: 1  signal: null
13 info lifecycle dalviroo@0.0.0~start: Failed to exec start script
14 verbose stack Error: dalviroo@0.0.0 start: `node ./bin/www`
14 verbose stack Exit status 1
14 verbose stack     at EventEmitter.<anonymous> (/usr/local/lib/node_modules/npm/lib/utils/lifecycle.js:255:16)
14 verbose stack     at emitTwo (events.js:106:13)
14 verbose stack     at EventEmitter.emit (events.js:191:7)
14 verbose stack     at ChildProcess.<anonymous> (/usr/local/lib/node_modules/npm/lib/utils/spawn.js:40:14)
14 verbose stack     at emitTwo (events.js:106:13)
14 verbose stack     at ChildProcess.emit (events.js:191:7)
14 verbose stack     at maybeClose (internal/child_process.js:891:16)
14 verbose stack     at Process.ChildProcess._handle.onexit (internal/child_process.js:226:5)
15 verbose pkgid dalviroo@0.0.0
16 verbose cwd /Users/rdx/WebstormProjects/Dalviroo
17 error Darwin 17.3.0
18 error argv "/usr/local/bin/node" "/usr/local/bin/npm" "start"
19 error node v6.11.2
20 error npm  v3.10.10
21 error code ELIFECYCLE
22 error dalviroo@0.0.0 start: `node ./bin/www`
22 error Exit status 1
23 error Failed at the dalviroo@0.0.0 start script 'node ./bin/www'.
23 error Make sure you have the latest version of node.js and npm installed.
23 error If you do, this is most likely a problem with the dalviroo package,
23 error not with npm itself.
23 error Tell the author that this fails on your system:
23 error     node ./bin/www
23 error You can get information on how to open an issue for this project with:
23 error     npm bugs dalviroo
23 error Or if that isn't available, you can get their info via:
23 error     npm owner ls dalviroo
23 error There is likely additional logging output above.
24 verbose exit [ 1, true ]
